<?xml version="1.0" encoding="UTF-8"?>
<!-- Generated by org.testng.reporters.JUnitXMLReporter -->
<testsuite hostname="Donation-THINK" ignored="0" name="Test" tests="3" failures="0" timestamp="12 May 2018 19:34:54 GMT" time="171.489" errors="0">
  <testcase name="applicationLogIn" time="29.82" classname="com.live.onedrive.start.TestRunner"/>
  <testcase name="businessLogicValidation" time="118.061" classname="com.live.onedrive.start.TestRunner"/>
  <testcase name="applicationLogOut" time="6.438" classname="com.live.onedrive.start.TestRunner"/>
</testsuite> <!-- Test -->
